[09-Dec-2025 19:48:55 Europe/Berlin] PHP Warning:  Undefined array key "APP_ENV" in C:\xampp\htdocs\testing\api-user3\src\Core\bootstrap.php on line 31
[09-Dec-2025 19:52:00 Europe/Berlin] PHP Warning:  Undefined array key "APP_ENV" in C:\xampp\htdocs\testing\api-user3\src\Core\bootstrap.php on line 31
[09-Dec-2025 19:53:09 Europe/Berlin] PHP Warning:  Undefined array key "APP_ENV" in C:\xampp\htdocs\testing\api-user3\src\Core\bootstrap.php on line 31
[09-Dec-2025 19:53:09 Europe/Berlin] [FATAL] Undefined array key "APP_ENV"
[09-Dec-2025 19:53:10 Europe/Berlin] PHP Warning:  Undefined array key "APP_ENV" in C:\xampp\htdocs\testing\api-user3\src\Core\bootstrap.php on line 31
[09-Dec-2025 19:53:10 Europe/Berlin] [FATAL] Undefined array key "APP_ENV"
[09-Dec-2025 19:53:11 Europe/Berlin] PHP Warning:  Undefined array key "APP_ENV" in C:\xampp\htdocs\testing\api-user3\src\Core\bootstrap.php on line 31
[09-Dec-2025 19:53:11 Europe/Berlin] [FATAL] Undefined array key "APP_ENV"
[09-Dec-2025 19:53:12 Europe/Berlin] PHP Warning:  Undefined array key "APP_ENV" in C:\xampp\htdocs\testing\api-user3\src\Core\bootstrap.php on line 31
[09-Dec-2025 19:53:12 Europe/Berlin] [FATAL] Undefined array key "APP_ENV"
[09-Dec-2025 19:53:12 Europe/Berlin] PHP Warning:  Undefined array key "APP_ENV" in C:\xampp\htdocs\testing\api-user3\src\Core\bootstrap.php on line 31
[09-Dec-2025 19:53:12 Europe/Berlin] [FATAL] Undefined array key "APP_ENV"
[09-Dec-2025 19:53:12 Europe/Berlin] PHP Warning:  Undefined array key "APP_ENV" in C:\xampp\htdocs\testing\api-user3\src\Core\bootstrap.php on line 31
[09-Dec-2025 19:53:12 Europe/Berlin] [FATAL] Undefined array key "APP_ENV"
[09-Dec-2025 19:53:13 Europe/Berlin] PHP Warning:  Undefined array key "APP_ENV" in C:\xampp\htdocs\testing\api-user3\src\Core\bootstrap.php on line 31
[09-Dec-2025 19:53:13 Europe/Berlin] [FATAL] Undefined array key "APP_ENV"
[09-Dec-2025 19:53:13 Europe/Berlin] PHP Warning:  Undefined array key "APP_ENV" in C:\xampp\htdocs\testing\api-user3\src\Core\bootstrap.php on line 31
[09-Dec-2025 19:53:13 Europe/Berlin] [FATAL] Undefined array key "APP_ENV"
[09-Dec-2025 19:53:13 Europe/Berlin] PHP Warning:  Undefined array key "APP_ENV" in C:\xampp\htdocs\testing\api-user3\src\Core\bootstrap.php on line 31
[09-Dec-2025 19:53:13 Europe/Berlin] [FATAL] Undefined array key "APP_ENV"
[09-Dec-2025 19:59:23 Europe/Berlin] [EXCEPTION] Interface "App\Interfaces\ICrudController" not found
[09-Dec-2025 19:59:26 Europe/Berlin] [EXCEPTION] Interface "App\Interfaces\ICrudController" not found
[09-Dec-2025 19:59:28 Europe/Berlin] [EXCEPTION] Interface "App\Interfaces\ICrudController" not found
[09-Dec-2025 19:59:31 Europe/Berlin] [EXCEPTION] Interface "App\Interfaces\ICrudController" not found
[09-Dec-2025 20:01:40 Europe/Berlin] PHP Fatal error:  Class App\Controllers\AuthController contains 5 abstract methods and must therefore be declared abstract or implement the remaining methods (App\Controllers\BaseController::index, App\Controllers\BaseController::show, App\Controllers\BaseController::store, ...) in C:\xampp\htdocs\testing\api-user3\src\Controllers\AuthController.php on line 9
[09-Dec-2025 20:01:40 Europe/Berlin] [FATAL] Class App\Controllers\AuthController contains 5 abstract methods and must therefore be declared abstract or implement the remaining methods (App\Controllers\BaseController::index, App\Controllers\BaseController::show, App\Controllers\BaseController::store, ...)
[09-Dec-2025 20:02:10 Europe/Berlin] PHP Fatal error:  Class App\Controllers\AuthController contains 5 abstract methods and must therefore be declared abstract or implement the remaining methods (App\Controllers\BaseController::index, App\Controllers\BaseController::show, App\Controllers\BaseController::store, ...) in C:\xampp\htdocs\testing\api-user3\src\Controllers\AuthController.php on line 9
[09-Dec-2025 20:02:10 Europe/Berlin] [FATAL] Class App\Controllers\AuthController contains 5 abstract methods and must therefore be declared abstract or implement the remaining methods (App\Controllers\BaseController::index, App\Controllers\BaseController::show, App\Controllers\BaseController::store, ...)
[09-Dec-2025 20:04:11 Europe/Berlin] [EXCEPTION] SQLSTATE[HY000] [2002] No connection could be made because the target machine actively refused it (Connection: default, SQL: select * from `users` where `email` = isaac@gmail.com limit 1)
[09-Dec-2025 20:04:47 Europe/Berlin] [EXCEPTION] SQLSTATE[HY000] [1049] Unknown database 'education_db' (Connection: default, SQL: select * from `users` where `email` = isaac@gmail.com limit 1)
[09-Dec-2025 20:04:56 Europe/Berlin] [EXCEPTION] SQLSTATE[HY000] [1049] Unknown database 'education_db' (Connection: default, SQL: select * from `users` where `email` = isaac@gmail.com limit 1)
[09-Dec-2025 23:26:18 Europe/Berlin] [EXCEPTION] SQLSTATE[23000]: Integrity constraint violation: 1062 Duplicate entry 'IsaacE' for key 'username' (Connection: default, SQL: insert into `users` (`username`, `email`, `password`, `is_verified`, `verification_token`, `verification_expires`, `role_id`, `status`, `updated_at`, `created_at`) values (IsaacE, estradaisaac168@gmail.com, $2y$10$qYTitM4MJAjaCPnyINkH8eV7o/U8129dfhnjf1BnRWAU4HhAh7vpW, 0, 737efa2a17f64eaa76af55b5eeb0ad62c53f68b51145b2986eed69d08db71829, 2025-12-10 00:26:18, 2, active, 2025-12-09 23:26:18, 2025-12-09 23:26:18))
[09-Dec-2025 23:40:45 Europe/Berlin] [ERROR] Attempt to read property "is_verified" on null in C:\xampp\htdocs\testing\api-user3\src\Controllers\AuthController.php on line 109
[09-Dec-2025 23:40:58 Europe/Berlin] [ERROR] Attempt to read property "is_verified" on null in C:\xampp\htdocs\testing\api-user3\src\Controllers\AuthController.php on line 109
[10-Dec-2025 00:06:29 Europe/Berlin] [EXCEPTION] in_array(): Argument #2 ($haystack) must be of type array, int given
[10-Dec-2025 02:36:26 Europe/Berlin] PHP Fatal error:  Uncaught TypeError: set_exception_handler(): Argument #1 ($callback) must be a valid callback or null, class "ErrorHandler" not found in C:\xampp\htdocs\projects\apis-versions\api-user3\src\Core\bootstrap.php:37
Stack trace:
#0 C:\xampp\htdocs\projects\apis-versions\api-user3\src\Core\bootstrap.php(37): set_exception_handler(Array)
#1 C:\xampp\htdocs\projects\apis-versions\api-user3\public\index.php(5): require_once('C:\\xampp\\htdocs...')
#2 {main}
  thrown in C:\xampp\htdocs\projects\apis-versions\api-user3\src\Core\bootstrap.php on line 37
[10-Dec-2025 02:59:07 Europe/Berlin] [EXCEPTION] Class "PHPMailer\PHPMailer\PHPMailer" not found
[10-Dec-2025 03:50:43 Europe/Berlin] [ERROR] Undefined array key "username" in C:\xampp\htdocs\projects\apis-versions\api-user3\src\Services\AuthService.php on line 17
[10-Dec-2025 03:50:48 Europe/Berlin] [ERROR] Undefined array key "username" in C:\xampp\htdocs\projects\apis-versions\api-user3\src\Services\AuthService.php on line 17
[10-Dec-2025 03:50:59 Europe/Berlin] [ERROR] Undefined array key "username" in C:\xampp\htdocs\projects\apis-versions\api-user3\src\Services\AuthService.php on line 17
[10-Dec-2025 03:52:58 Europe/Berlin] [ERROR] Undefined array key "username" in C:\xampp\htdocs\projects\apis-versions\api-user3\src\Services\AuthService.php on line 17
[10-Dec-2025 03:54:10 Europe/Berlin] [ERROR] Array to string conversion in C:\xampp\htdocs\projects\apis-versions\api-user3\src\Services\AuthService.php on line 16
[10-Dec-2025 03:54:57 Europe/Berlin] [ERROR] -> Array
(
)

[10-Dec-2025 03:54:57 Europe/Berlin] [ERROR] Undefined array key "username" in C:\xampp\htdocs\projects\apis-versions\api-user3\src\Services\AuthService.php on line 22
[10-Dec-2025 03:58:04 Europe/Berlin] [ERROR] -> Array
(
)

[10-Dec-2025 03:58:04 Europe/Berlin] [ERROR] Undefined array key "username" in C:\xampp\htdocs\projects\apis-versions\api-user3\src\Services\AuthService.php on line 22
[10-Dec-2025 04:05:07 Europe/Berlin] [ERROR] Undefined variable $request in C:\xampp\htdocs\projects\apis-versions\api-user3\public\index.php on line 18
[10-Dec-2025 04:05:14 Europe/Berlin] [ERROR] Undefined variable $request in C:\xampp\htdocs\projects\apis-versions\api-user3\public\index.php on line 18
[10-Dec-2025 04:05:46 Europe/Berlin] [ERROR] Undefined array key "role_id" in C:\xampp\htdocs\projects\apis-versions\api-user3\src\Services\AuthService.php on line 23
[14-Dec-2025 05:40:51 Europe/Berlin] [EXCEPTION] El layout main no existe.
[14-Dec-2025 06:17:36 Europe/Berlin] PHP Warning:  require_once(C:\xampp\htdocs\projects\apis-versions\api-user3\config\logging/ErrorHandler.php): Failed to open stream: No such file or directory in C:\xampp\htdocs\projects\apis-versions\api-user3\config\logging\log.php on line 19
[14-Dec-2025 06:17:36 Europe/Berlin] PHP Fatal error:  Uncaught Error: Failed opening required 'C:\xampp\htdocs\projects\apis-versions\api-user3\config\logging/ErrorHandler.php' (include_path='C:\xampp\php\PEAR') in C:\xampp\htdocs\projects\apis-versions\api-user3\config\logging\log.php:19
Stack trace:
#0 C:\xampp\htdocs\projects\apis-versions\api-user3\src\Core\bootstrap.php(25): require_once()
#1 C:\xampp\htdocs\projects\apis-versions\api-user3\public\index.php(5): require_once('C:\\xampp\\htdocs...')
#2 {main}
  thrown in C:\xampp\htdocs\projects\apis-versions\api-user3\config\logging\log.php on line 19
[14-Dec-2025 06:19:27 Europe/Berlin] PHP Warning:  require_once(C:\xampp\htdocs\projects\apis-versions\api-user3\config\logging/ErrorHandler.php): Failed to open stream: No such file or directory in C:\xampp\htdocs\projects\apis-versions\api-user3\config\logging\log.php on line 22
[14-Dec-2025 06:19:27 Europe/Berlin] PHP Fatal error:  Uncaught Error: Failed opening required 'C:\xampp\htdocs\projects\apis-versions\api-user3\config\logging/ErrorHandler.php' (include_path='C:\xampp\php\PEAR') in C:\xampp\htdocs\projects\apis-versions\api-user3\config\logging\log.php:22
Stack trace:
#0 C:\xampp\htdocs\projects\apis-versions\api-user3\src\Core\bootstrap.php(25): require_once()
#1 C:\xampp\htdocs\projects\apis-versions\api-user3\public\index.php(5): require_once('C:\\xampp\\htdocs...')
#2 {main}
  thrown in C:\xampp\htdocs\projects\apis-versions\api-user3\config\logging\log.php on line 22
[14-Dec-2025 06:32:34 Europe/Berlin] [ERROR] include(C:\xampp\htdocs\projects\apis-versions\api-user3\vendor\composer/../../src/Helpers/ResponseHelper.php): Failed to open stream: No such file or directory in C:\xampp\htdocs\projects\apis-versions\api-user3\vendor\composer\ClassLoader.php on line 576
[14-Dec-2025 06:32:56 Europe/Berlin] [ERROR] include(C:\xampp\htdocs\projects\apis-versions\api-user3\vendor\composer/../../src/Helpers/ResponseHelper.php): Failed to open stream: No such file or directory in C:\xampp\htdocs\projects\apis-versions\api-user3\vendor\composer\ClassLoader.php on line 576
[14-Dec-2025 06:43:56 Europe/Berlin] PHP Fatal error:  Cannot redeclare e() (previously declared in C:\xampp\htdocs\projects\apis-versions\api-user3\vendor\illuminate\support\helpers.php:123) in C:\xampp\htdocs\projects\apis-versions\api-user3\src\Helpers\helpers.php on line 26
[14-Dec-2025 06:43:56 Europe/Berlin] [FATAL] Cannot redeclare e() (previously declared in C:\xampp\htdocs\projects\apis-versions\api-user3\vendor\illuminate\support\helpers.php:123)
[14-Dec-2025 06:47:52 Europe/Berlin] [EXCEPTION] Class "Models\User" not found
[14-Dec-2025 06:47:58 Europe/Berlin] [EXCEPTION] Class "Models\User" not found
[14-Dec-2025 06:48:30 Europe/Berlin] [EXCEPTION] Class "Models\User" not found
[17-Dec-2025 00:15:27 Europe/Berlin] [ERROR] Undefined variable $routes in C:\xampp\htdocs\testing\api-user3\config\routes\web.php on line 16
[17-Dec-2025 00:18:41 Europe/Berlin] [ERROR] Undefined variable $routes in C:\xampp\htdocs\testing\api-user3\config\routes\web.php on line 16
[17-Dec-2025 00:18:47 Europe/Berlin] [ERROR] Undefined variable $routes in C:\xampp\htdocs\testing\api-user3\config\routes\web.php on line 16
[17-Dec-2025 00:18:52 Europe/Berlin] [ERROR] Undefined variable $routes in C:\xampp\htdocs\testing\api-user3\config\routes\web.php on line 16
